{
  "stats": {
    "suites": 1,
    "tests": 1,
    "passes": 1,
    "pending": 0,
    "failures": 0,
    "start": "2024-04-03T01:59:05.995Z",
    "end": "2024-04-03T01:59:18.740Z",
    "duration": 12745,
    "testsRegistered": 1,
    "passPercent": 100,
    "pendingPercent": 0,
    "other": 0,
    "hasOther": false,
    "skipped": 0,
    "hasSkipped": false
  },
  "results": [
    {
      "uuid": "8ef051b8-a6dd-4cd8-83a8-37b9c6bb7ded",
      "title": "",
      "fullFile": "cypress/e2e/userconfig/user-configuration.cy.js",
      "file": "cypress/e2e/userconfig/user-configuration.cy.js",
      "beforeHooks": [],
      "afterHooks": [],
      "tests": [],
      "suites": [
        {
          "uuid": "aa1abfc0-0e8a-482c-a129-6d1cbb60c81a",
          "title": "user-configuration",
          "fullFile": "",
          "file": "",
          "beforeHooks": [],
          "afterHooks": [],
          "tests": [
            {
              "title": "should ensure that all specified elements are visible",
              "fullTitle": "user-configuration should ensure that all specified elements are visible",
              "timedOut": null,
              "duration": 4182,
              "state": "passed",
              "speed": "fast",
              "pass": true,
              "fail": false,
              "pending": false,
              "context": null,
              "code": "// Check visibility using userconfig\n// cy.checkVisibility();\ncy.log('Test run');",
              "err": {},
              "uuid": "145805f3-8a88-415e-9864-1a6c30c44d97",
              "parentUUID": "aa1abfc0-0e8a-482c-a129-6d1cbb60c81a",
              "isHook": false,
              "skipped": false
            }
          ],
          "suites": [],
          "passes": [
            "145805f3-8a88-415e-9864-1a6c30c44d97"
          ],
          "failures": [],
          "pending": [],
          "skipped": [],
          "duration": 4182,
          "root": false,
          "rootEmpty": false,
          "_timeout": 2000
        }
      ],
      "passes": [],
      "failures": [],
      "pending": [],
      "skipped": [],
      "duration": 0,
      "root": true,
      "rootEmpty": true,
      "_timeout": 2000
    }
  ],
  "meta": {
    "mocha": {
      "version": "7.0.1"
    },
    "mochawesome": {
      "options": {
        "quiet": false,
        "reportFilename": "mochawesome",
        "saveHtml": false,
        "saveJson": true,
        "consoleReporter": "spec",
        "useInlineDiffs": false,
        "code": true
      },
      "version": "7.1.3"
    },
    "marge": {
      "options": {
        "reportDir": "cypress/reports/mocha",
        "overwrite": false,
        "html": false,
        "json": true
      },
      "version": "6.2.0"
    }
  }
}