{
  "stats": {
    "suites": 1,
    "tests": 1,
    "passes": 1,
    "pending": 0,
    "failures": 0,
    "start": "2024-04-03T02:10:16.441Z",
    "end": "2024-04-03T02:10:29.879Z",
    "duration": 13438,
    "testsRegistered": 1,
    "passPercent": 100,
    "pendingPercent": 0,
    "other": 0,
    "hasOther": false,
    "skipped": 0,
    "hasSkipped": false
  },
  "results": [
    {
      "uuid": "427207a0-3463-418d-9f8b-0505d1cbca7e",
      "title": "",
      "fullFile": "cypress/e2e/userconfig/user-configuration.cy.js",
      "file": "cypress/e2e/userconfig/user-configuration.cy.js",
      "beforeHooks": [],
      "afterHooks": [],
      "tests": [],
      "suites": [
        {
          "uuid": "ee4a7e99-8645-4337-bcf8-82e96c1b12f0",
          "title": "user-configuration",
          "fullFile": "",
          "file": "",
          "beforeHooks": [],
          "afterHooks": [],
          "tests": [
            {
              "title": "should ensure that all specified elements are visible",
              "fullTitle": "user-configuration should ensure that all specified elements are visible",
              "timedOut": null,
              "duration": 4445,
              "state": "passed",
              "speed": "fast",
              "pass": true,
              "fail": false,
              "pending": false,
              "context": null,
              "code": "// Check visibility using userconfig\n// cy.checkVisibility();\ncy.log('Test run');",
              "err": {},
              "uuid": "cac54876-fc95-461c-925b-1922fd77f5d4",
              "parentUUID": "ee4a7e99-8645-4337-bcf8-82e96c1b12f0",
              "isHook": false,
              "skipped": false
            }
          ],
          "suites": [],
          "passes": [
            "cac54876-fc95-461c-925b-1922fd77f5d4"
          ],
          "failures": [],
          "pending": [],
          "skipped": [],
          "duration": 4445,
          "root": false,
          "rootEmpty": false,
          "_timeout": 2000
        }
      ],
      "passes": [],
      "failures": [],
      "pending": [],
      "skipped": [],
      "duration": 0,
      "root": true,
      "rootEmpty": true,
      "_timeout": 2000
    }
  ],
  "meta": {
    "mocha": {
      "version": "7.0.1"
    },
    "mochawesome": {
      "options": {
        "quiet": false,
        "reportFilename": "mochawesome",
        "saveHtml": false,
        "saveJson": true,
        "consoleReporter": "spec",
        "useInlineDiffs": false,
        "code": true
      },
      "version": "7.1.3"
    },
    "marge": {
      "options": {
        "reportDir": "cypress/reports/mocha",
        "overwrite": false,
        "html": false,
        "json": true
      },
      "version": "6.2.0"
    }
  }
}