{
  "stats": {
    "suites": 1,
    "tests": 3,
    "passes": 3,
    "pending": 0,
    "failures": 0,
    "start": "2024-04-03T06:49:26.201Z",
    "end": "2024-04-03T06:50:38.142Z",
    "duration": 71941,
    "testsRegistered": 3,
    "passPercent": 100,
    "pendingPercent": 0,
    "other": 0,
    "hasOther": false,
    "skipped": 0,
    "hasSkipped": false
  },
  "results": [
    {
      "uuid": "daeceaff-7f7e-4904-b77e-4b0f2124f2b6",
      "title": "",
      "fullFile": "cypress/e2e/userconfig/user-configuration.cy.js",
      "file": "cypress/e2e/userconfig/user-configuration.cy.js",
      "beforeHooks": [],
      "afterHooks": [],
      "tests": [],
      "suites": [
        {
          "uuid": "c2c33c73-95be-4520-8703-238b91656413",
          "title": "user-configuration",
          "fullFile": "",
          "file": "",
          "beforeHooks": [],
          "afterHooks": [],
          "tests": [
            {
              "title": "should ensure that all specified elements are visible",
              "fullTitle": "user-configuration should ensure that all specified elements are visible",
              "timedOut": null,
              "duration": 13456,
              "state": "passed",
              "speed": "slow",
              "pass": true,
              "fail": false,
              "pending": false,
              "context": null,
              "code": "// Check visibility using userconfig\ncy.checkVisibility();",
              "err": {},
              "uuid": "5667d256-6654-49a3-93f8-c6630f89982b",
              "parentUUID": "c2c33c73-95be-4520-8703-238b91656413",
              "isHook": false,
              "skipped": false
            },
            {
              "title": "should ensure that user is able to sort username column",
              "fullTitle": "user-configuration should ensure that user is able to sort username column",
              "timedOut": null,
              "duration": 10632,
              "state": "passed",
              "speed": "slow",
              "pass": true,
              "fail": false,
              "pending": false,
              "context": null,
              "code": "// Ensure that the \"Username header\" element is visible\ncy.sortUsername();\ncy.log('Successfully sorted username column');",
              "err": {},
              "uuid": "6d7c83d4-3a9a-40e2-a816-ceb18238a847",
              "parentUUID": "c2c33c73-95be-4520-8703-238b91656413",
              "isHook": false,
              "skipped": false
            },
            {
              "title": "should ensure that user is able to save changes",
              "fullTitle": "user-configuration should ensure that user is able to save changes",
              "timedOut": null,
              "duration": 47108,
              "state": "passed",
              "speed": "slow",
              "pass": true,
              "fail": false,
              "pending": false,
              "context": null,
              "code": "// Search agent\ncy.searchAgent(agentName);\n// Update agent's location\ncy.updateAgentLocation(newLocation);\n// Revert agent's location\ncy.updateAgentLocation(defaultLocation);",
              "err": {},
              "uuid": "2627e784-3118-4863-8c5a-53e29d642699",
              "parentUUID": "c2c33c73-95be-4520-8703-238b91656413",
              "isHook": false,
              "skipped": false
            }
          ],
          "suites": [],
          "passes": [
            "5667d256-6654-49a3-93f8-c6630f89982b",
            "6d7c83d4-3a9a-40e2-a816-ceb18238a847",
            "2627e784-3118-4863-8c5a-53e29d642699"
          ],
          "failures": [],
          "pending": [],
          "skipped": [],
          "duration": 71196,
          "root": false,
          "rootEmpty": false,
          "_timeout": 2000
        }
      ],
      "passes": [],
      "failures": [],
      "pending": [],
      "skipped": [],
      "duration": 0,
      "root": true,
      "rootEmpty": true,
      "_timeout": 2000
    }
  ],
  "meta": {
    "mocha": {
      "version": "7.0.1"
    },
    "mochawesome": {
      "options": {
        "quiet": false,
        "reportFilename": "mochawesome",
        "saveHtml": false,
        "saveJson": true,
        "consoleReporter": "spec",
        "useInlineDiffs": false,
        "code": true
      },
      "version": "7.1.3"
    },
    "marge": {
      "options": {
        "reportDir": "cypress/reports/mocha",
        "overwrite": false,
        "html": false,
        "json": true
      },
      "version": "6.2.0"
    }
  }
}