{
  "stats": {
    "suites": 1,
    "tests": 1,
    "passes": 1,
    "pending": 0,
    "failures": 0,
    "start": "2024-04-03T03:46:53.833Z",
    "end": "2024-04-03T03:47:21.213Z",
    "duration": 27380,
    "testsRegistered": 1,
    "passPercent": 100,
    "pendingPercent": 0,
    "other": 0,
    "hasOther": false,
    "skipped": 0,
    "hasSkipped": false
  },
  "results": [
    {
      "uuid": "ebacd05f-7437-4b19-a52b-b7f3df63ceba",
      "title": "",
      "fullFile": "cypress/e2e/userconfig/user-configuration.cy.js",
      "file": "cypress/e2e/userconfig/user-configuration.cy.js",
      "beforeHooks": [],
      "afterHooks": [],
      "tests": [],
      "suites": [
        {
          "uuid": "bc606eb9-93f2-4b87-b102-8d08e0513edc",
          "title": "user-configuration",
          "fullFile": "",
          "file": "",
          "beforeHooks": [],
          "afterHooks": [],
          "tests": [
            {
              "title": "should ensure that all specified elements are visible",
              "fullTitle": "user-configuration should ensure that all specified elements are visible",
              "timedOut": null,
              "duration": 6417,
              "state": "passed",
              "speed": "medium",
              "pass": true,
              "fail": false,
              "pending": false,
              "context": null,
              "code": "// Check visibility using userconfig\n// cy.checkVisibility();\ncy.log('Test run');",
              "err": {},
              "uuid": "2f142e25-2e26-46b1-aa31-addedac48b5c",
              "parentUUID": "bc606eb9-93f2-4b87-b102-8d08e0513edc",
              "isHook": false,
              "skipped": false
            }
          ],
          "suites": [],
          "passes": [
            "2f142e25-2e26-46b1-aa31-addedac48b5c"
          ],
          "failures": [],
          "pending": [],
          "skipped": [],
          "duration": 6417,
          "root": false,
          "rootEmpty": false,
          "_timeout": 2000
        }
      ],
      "passes": [],
      "failures": [],
      "pending": [],
      "skipped": [],
      "duration": 0,
      "root": true,
      "rootEmpty": true,
      "_timeout": 2000
    }
  ],
  "meta": {
    "mocha": {
      "version": "7.0.1"
    },
    "mochawesome": {
      "options": {
        "quiet": false,
        "reportFilename": "mochawesome",
        "saveHtml": false,
        "saveJson": true,
        "consoleReporter": "spec",
        "useInlineDiffs": false,
        "code": true
      },
      "version": "7.1.3"
    },
    "marge": {
      "options": {
        "reportDir": "cypress/reports/mocha",
        "overwrite": false,
        "html": false,
        "json": true
      },
      "version": "6.2.0"
    }
  }
}